Starting Deepfake Energy Measurement...
[codecarbon INFO @ 15:36:37] [setup] RAM Tracking...
[codecarbon WARNING @ 15:36:37] Unexpected output after running `scontrol show job $SLURM_JOBID` to count SLURM-available RAM. Using the machine's total RAM.
[codecarbon INFO @ 15:36:37] [setup] GPU Tracking...
[codecarbon INFO @ 15:36:37] Tracking Nvidia GPU via pynvml
[codecarbon INFO @ 15:36:37] [setup] CPU Tracking...
[codecarbon INFO @ 15:36:37] Tracking Intel CPU via RAPL interface
[codecarbon INFO @ 15:36:37] >>> Tracker's metadata:
[codecarbon INFO @ 15:36:37]   Platform system: Linux-3.10.0-1127.el7.x86_64-x86_64-with-redhat-7.8-Maipo
[codecarbon INFO @ 15:36:37]   Python version: 3.6.8
[codecarbon INFO @ 15:36:37]   CodeCarbon version: 2.2.6
[codecarbon INFO @ 15:36:37]   Available RAM : 172.344 GB
[codecarbon INFO @ 15:36:37]   CPU count: 1
[codecarbon INFO @ 15:36:37]   CPU model: Intel(R) Xeon(R) Gold 6226R CPU @ 2.90GHz
[codecarbon INFO @ 15:36:37]   GPU count: 1
[codecarbon INFO @ 15:36:37]   GPU model: 1 x Tesla V100-PCIE-32GB
Running StyleGAN2-ADA-PyTorch generation...
Loading networks from "https://nvlabs-fi-cdn.nvidia.com/stylegan2-ada-pytorch/pretrained/metfaces.pkl"...
Generating image for seed 1 (0/100) ...
Setting up PyTorch plugin "bias_act_plugin"... Done.
Setting up PyTorch plugin "upfirdn2d_plugin"... Done.
Generating image for seed 2 (1/100) ...
Generating image for seed 3 (2/100) ...
Generating image for seed 4 (3/100) ...
Generating image for seed 5 (4/100) ...
Generating image for seed 6 (5/100) ...
Generating image for seed 7 (6/100) ...
Generating image for seed 8 (7/100) ...
Generating image for seed 9 (8/100) ...
[codecarbon WARNING @ 15:36:55] Unexpected output after running `scontrol show job $SLURM_JOBID` to count SLURM-available RAM. Using the machine's total RAM.
[codecarbon INFO @ 15:36:55] Energy consumed for RAM : 0.000269 kWh. RAM Power : 64.62898635864258 W
[codecarbon WARNING @ 15:36:55] Unexpected output after running `scontrol show job $SLURM_JOBID` to count SLURM-available RAM. Using the machine's total RAM.
[codecarbon INFO @ 15:36:55] Energy consumed for all GPUs : 0.000157 kWh. Total GPU Power : 37.21 W
[codecarbon INFO @ 15:36:55] Energy consumed for all CPUs : 0.000614 kWh. Total CPU Power : 145.87658875206176 W
[codecarbon INFO @ 15:36:55] 0.001040 kWh of electricity used since the beginning.
Generating image for seed 10 (9/100) ...
Generating image for seed 11 (10/100) ...
Generating image for seed 12 (11/100) ...
Generating image for seed 13 (12/100) ...
Generating image for seed 14 (13/100) ...
Generating image for seed 15 (14/100) ...
Generating image for seed 16 (15/100) ...
Generating image for seed 17 (16/100) ...
Generating image for seed 18 (17/100) ...
Generating image for seed 19 (18/100) ...
Generating image for seed 20 (19/100) ...
Generating image for seed 21 (20/100) ...
Generating image for seed 22 (21/100) ...
Generating image for seed 23 (22/100) ...
Generating image for seed 24 (23/100) ...
Generating image for seed 25 (24/100) ...
Generating image for seed 26 (25/100) ...
Generating image for seed 27 (26/100) ...
[codecarbon WARNING @ 15:37:10] Unexpected output after running `scontrol show job $SLURM_JOBID` to count SLURM-available RAM. Using the machine's total RAM.
[codecarbon INFO @ 15:37:10] Energy consumed for RAM : 0.000536 kWh. RAM Power : 64.62898635864258 W
[codecarbon WARNING @ 15:37:10] Unexpected output after running `scontrol show job $SLURM_JOBID` to count SLURM-available RAM. Using the machine's total RAM.
[codecarbon INFO @ 15:37:10] Energy consumed for all GPUs : 0.000312 kWh. Total GPU Power : 37.388 W
[codecarbon INFO @ 15:37:10] Energy consumed for all CPUs : 0.001176 kWh. Total CPU Power : 134.82540110731225 W
[codecarbon INFO @ 15:37:10] 0.002024 kWh of electricity used since the beginning.
Generating image for seed 28 (27/100) ...
Generating image for seed 29 (28/100) ...
Generating image for seed 30 (29/100) ...
Generating image for seed 31 (30/100) ...
Generating image for seed 32 (31/100) ...
Generating image for seed 33 (32/100) ...
Generating image for seed 34 (33/100) ...
Generating image for seed 35 (34/100) ...
Generating image for seed 36 (35/100) ...
Generating image for seed 37 (36/100) ...
Generating image for seed 38 (37/100) ...
Generating image for seed 39 (38/100) ...
Generating image for seed 40 (39/100) ...
Generating image for seed 41 (40/100) ...
Generating image for seed 42 (41/100) ...
Generating image for seed 43 (42/100) ...
Generating image for seed 44 (43/100) ...
Generating image for seed 45 (44/100) ...
[codecarbon WARNING @ 15:37:25] Unexpected output after running `scontrol show job $SLURM_JOBID` to count SLURM-available RAM. Using the machine's total RAM.
[codecarbon INFO @ 15:37:25] Energy consumed for RAM : 0.000802 kWh. RAM Power : 64.62898635864258 W
[codecarbon WARNING @ 15:37:25] Unexpected output after running `scontrol show job $SLURM_JOBID` to count SLURM-available RAM. Using the machine's total RAM.
[codecarbon INFO @ 15:37:25] Energy consumed for all GPUs : 0.000469 kWh. Total GPU Power : 37.601 W
[codecarbon INFO @ 15:37:25] Energy consumed for all CPUs : 0.001743 kWh. Total CPU Power : 135.98969144542016 W
[codecarbon INFO @ 15:37:25] 0.003014 kWh of electricity used since the beginning.
Generating image for seed 46 (45/100) ...
Generating image for seed 47 (46/100) ...
Generating image for seed 48 (47/100) ...
Generating image for seed 49 (48/100) ...
Generating image for seed 50 (49/100) ...
Generating image for seed 51 (50/100) ...
Generating image for seed 52 (51/100) ...
Generating image for seed 53 (52/100) ...
Generating image for seed 54 (53/100) ...
Generating image for seed 55 (54/100) ...
Generating image for seed 56 (55/100) ...
Generating image for seed 57 (56/100) ...
Generating image for seed 58 (57/100) ...
Generating image for seed 59 (58/100) ...
Generating image for seed 60 (59/100) ...
Generating image for seed 61 (60/100) ...
Generating image for seed 62 (61/100) ...
Generating image for seed 63 (62/100) ...
[codecarbon WARNING @ 15:37:40] Unexpected output after running `scontrol show job $SLURM_JOBID` to count SLURM-available RAM. Using the machine's total RAM.
[codecarbon INFO @ 15:37:40] Energy consumed for RAM : 0.001068 kWh. RAM Power : 64.62898635864258 W
[codecarbon WARNING @ 15:37:40] Unexpected output after running `scontrol show job $SLURM_JOBID` to count SLURM-available RAM. Using the machine's total RAM.
[codecarbon INFO @ 15:37:40] Energy consumed for all GPUs : 0.000625 kWh. Total GPU Power : 37.498 W
[codecarbon INFO @ 15:37:40] Energy consumed for all CPUs : 0.002307 kWh. Total CPU Power : 135.3502424790156 W
[codecarbon INFO @ 15:37:40] 0.004001 kWh of electricity used since the beginning.
Generating image for seed 64 (63/100) ...
Generating image for seed 65 (64/100) ...
Generating image for seed 66 (65/100) ...
Generating image for seed 67 (66/100) ...
Generating image for seed 68 (67/100) ...
Generating image for seed 69 (68/100) ...
Generating image for seed 70 (69/100) ...
Generating image for seed 71 (70/100) ...
Generating image for seed 72 (71/100) ...
Generating image for seed 73 (72/100) ...
Generating image for seed 74 (73/100) ...
Generating image for seed 75 (74/100) ...
Generating image for seed 76 (75/100) ...
Generating image for seed 77 (76/100) ...
Generating image for seed 78 (77/100) ...
Generating image for seed 79 (78/100) ...
Generating image for seed 80 (79/100) ...
Generating image for seed 81 (80/100) ...
[codecarbon WARNING @ 15:37:55] Unexpected output after running `scontrol show job $SLURM_JOBID` to count SLURM-available RAM. Using the machine's total RAM.
[codecarbon INFO @ 15:37:55] Energy consumed for RAM : 0.001335 kWh. RAM Power : 64.62898635864258 W
[codecarbon WARNING @ 15:37:55] Unexpected output after running `scontrol show job $SLURM_JOBID` to count SLURM-available RAM. Using the machine's total RAM.
[codecarbon INFO @ 15:37:55] Energy consumed for all GPUs : 0.000782 kWh. Total GPU Power : 37.58200000000001 W
[codecarbon INFO @ 15:37:55] Energy consumed for all CPUs : 0.002872 kWh. Total CPU Power : 135.76864441777408 W
[codecarbon INFO @ 15:37:55] 0.004989 kWh of electricity used since the beginning.
Generating image for seed 82 (81/100) ...
Generating image for seed 83 (82/100) ...
Generating image for seed 84 (83/100) ...
Generating image for seed 85 (84/100) ...
Generating image for seed 86 (85/100) ...
Generating image for seed 87 (86/100) ...
Generating image for seed 88 (87/100) ...
Generating image for seed 89 (88/100) ...
Generating image for seed 90 (89/100) ...
Generating image for seed 91 (90/100) ...
Generating image for seed 92 (91/100) ...
Generating image for seed 93 (92/100) ...
Generating image for seed 94 (93/100) ...
Generating image for seed 95 (94/100) ...
Generating image for seed 96 (95/100) ...
Generating image for seed 97 (96/100) ...
Generating image for seed 98 (97/100) ...
Generating image for seed 99 (98/100) ...
[codecarbon WARNING @ 15:38:10] Unexpected output after running `scontrol show job $SLURM_JOBID` to count SLURM-available RAM. Using the machine's total RAM.
[codecarbon INFO @ 15:38:10] Energy consumed for RAM : 0.001601 kWh. RAM Power : 64.62898635864258 W
[codecarbon WARNING @ 15:38:10] Unexpected output after running `scontrol show job $SLURM_JOBID` to count SLURM-available RAM. Using the machine's total RAM.
[codecarbon INFO @ 15:38:10] Energy consumed for all GPUs : 0.000938 kWh. Total GPU Power : 37.594 W
[codecarbon INFO @ 15:38:10] Energy consumed for all CPUs : 0.003428 kWh. Total CPU Power : 133.34856992087737 W
[codecarbon INFO @ 15:38:10] 0.005968 kWh of electricity used since the beginning.
Generating image for seed 100 (99/100) ...
[codecarbon WARNING @ 15:38:12] Unexpected output after running `scontrol show job $SLURM_JOBID` to count SLURM-available RAM. Using the machine's total RAM.
[codecarbon INFO @ 15:38:12] Energy consumed for RAM : 0.001634 kWh. RAM Power : 64.62898635864258 W
[codecarbon WARNING @ 15:38:12] Unexpected output after running `scontrol show job $SLURM_JOBID` to count SLURM-available RAM. Using the machine's total RAM.
[codecarbon INFO @ 15:38:12] Energy consumed for all GPUs : 0.000960 kWh. Total GPU Power : 39.295 W
[codecarbon INFO @ 15:38:12] Energy consumed for all CPUs : 0.003502 kWh. Total CPU Power : 135.02417802762525 W
[codecarbon INFO @ 15:38:12] 0.006095 kWh of electricity used since the beginning.
StyleGAN2-ADA-PyTorch-Generation emissions: 0.002271 kg CO₂
Measurement Complete.
